2021-04-09 10:38:52,171 CRIT Supervisor running as root (no user in config file)
2021-04-09 10:38:52,174 INFO RPC interface 'supervisor' initialized
2021-04-09 10:38:52,174 CRIT Server 'unix_http_server' running without any HTTP authentication checking
2021-04-09 10:38:52,174 INFO daemonizing the supervisord process
2021-04-09 10:38:52,174 INFO supervisord started with pid 9703
2021-04-09 10:38:53,176 INFO spawnerr: can't find command '/home/anaconda3/envs/tf12/bin/python3'
2021-04-09 10:38:54,179 INFO spawnerr: can't find command '/home/anaconda3/envs/tf12/bin/python3'
2021-04-09 10:38:56,183 INFO spawnerr: can't find command '/home/anaconda3/envs/tf12/bin/python3'
2021-04-09 10:38:59,188 INFO spawnerr: can't find command '/home/anaconda3/envs/tf12/bin/python3'
2021-04-09 10:39:03,195 INFO spawnerr: can't find command '/home/anaconda3/envs/tf12/bin/python3'
2021-04-09 10:39:08,203 INFO spawnerr: can't find command '/home/anaconda3/envs/tf12/bin/python3'
2021-04-09 10:39:14,211 INFO spawnerr: can't find command '/home/anaconda3/envs/tf12/bin/python3'
2021-04-09 10:39:21,222 INFO spawnerr: can't find command '/home/anaconda3/envs/tf12/bin/python3'
2021-04-09 10:39:29,232 INFO spawnerr: can't find command '/home/anaconda3/envs/tf12/bin/python3'
2021-04-09 10:39:38,243 INFO spawnerr: can't find command '/home/anaconda3/envs/tf12/bin/python3'
2021-04-09 10:39:48,258 INFO spawnerr: can't find command '/home/anaconda3/envs/tf12/bin/python3'
2021-04-09 10:39:48,259 INFO gave up: 4_dsin_3 entered FATAL state, too many start retries too quickly
2021-04-09 10:53:33,439 CRIT Supervisor running as root (no user in config file)
2021-04-09 10:55:16,419 CRIT Supervisor running as root (no user in config file)
2021-04-09 10:56:02,236 CRIT Supervisor running as root (no user in config file)
2021-04-09 10:58:04,683 CRIT Supervisor running as root (no user in config file)
2021-04-09 10:59:28,163 CRIT Supervisor running as root (no user in config file)
2021-04-09 11:00:28,724 CRIT Supervisor running as root (no user in config file)
2021-04-09 11:06:37,844 INFO RPC interface 'supervisor' initialized
2021-04-09 11:06:37,845 CRIT Server 'unix_http_server' running without any HTTP authentication checking
2021-04-09 11:06:37,846 INFO daemonizing the supervisord process
2021-04-09 11:06:37,847 INFO supervisord started with pid 12741
2021-04-09 11:06:38,849 INFO spawnerr: can't find command '/home/anaconda3/envs/tf12/bin/python3'
2021-04-09 11:06:39,851 INFO spawnerr: can't find command '/home/anaconda3/envs/tf12/bin/python3'
2021-04-09 11:06:41,855 INFO spawnerr: can't find command '/home/anaconda3/envs/tf12/bin/python3'
2021-04-09 11:06:44,859 INFO spawnerr: can't find command '/home/anaconda3/envs/tf12/bin/python3'
2021-04-09 11:06:49,782 INFO spawnerr: can't find command '/home/anaconda3/envs/tf12/bin/python3'
2021-04-09 11:06:54,789 INFO spawnerr: can't find command '/home/anaconda3/envs/tf12/bin/python3'
2021-04-09 11:07:00,797 INFO spawnerr: can't find command '/home/anaconda3/envs/tf12/bin/python3'
2021-04-09 11:07:07,807 INFO spawnerr: can't find command '/home/anaconda3/envs/tf12/bin/python3'
2021-04-09 11:07:15,818 INFO spawnerr: can't find command '/home/anaconda3/envs/tf12/bin/python3'
2021-04-09 11:07:24,830 INFO spawnerr: can't find command '/home/anaconda3/envs/tf12/bin/python3'
2021-04-09 11:07:34,844 INFO spawnerr: can't find command '/home/anaconda3/envs/tf12/bin/python3'
2021-04-09 11:07:34,844 INFO gave up: 4_dsin_3 entered FATAL state, too many start retries too quickly
2021-04-09 11:09:24,438 INFO RPC interface 'supervisor' initialized
2021-04-09 11:09:24,438 CRIT Server 'unix_http_server' running without any HTTP authentication checking
2021-04-09 11:09:24,438 INFO supervisord started with pid 12741
2021-04-09 11:09:25,441 INFO spawned: '4_dsin_3' with pid 12994
2021-04-09 11:09:30,448 INFO success: 4_dsin_3 entered RUNNING state, process has stayed up for > than 5 seconds (startsecs)
2021-04-09 11:10:43,195 INFO waiting for 4_dsin_3 to die
2021-04-09 11:10:43,415 INFO stopped: 4_dsin_3 (exit status 0)
2021-04-09 11:10:43,417 INFO RPC interface 'supervisor' initialized
2021-04-09 11:10:43,417 CRIT Server 'unix_http_server' running without any HTTP authentication checking
2021-04-09 11:10:43,417 INFO supervisord started with pid 12741
2021-04-09 11:10:44,420 INFO spawned: 'jianpan_4_9' with pid 13084
2021-04-09 11:10:50,065 INFO success: jianpan_4_9 entered RUNNING state, process has stayed up for > than 5 seconds (startsecs)
2021-04-09 11:17:21,950 CRIT Supervisor running as root (no user in config file)
2021-04-09 11:18:12,196 CRIT Supervisor running as root (no user in config file)
2021-04-09 11:19:02,447 CRIT Supervisor running as root (no user in config file)
2021-04-09 11:19:52,696 CRIT Supervisor running as root (no user in config file)
2021-04-09 11:20:42,947 CRIT Supervisor running as root (no user in config file)
2021-04-09 11:21:33,197 CRIT Supervisor running as root (no user in config file)
2021-04-09 11:22:23,446 CRIT Supervisor running as root (no user in config file)
2021-04-09 11:23:13,698 CRIT Supervisor running as root (no user in config file)
2021-04-09 11:24:03,991 CRIT Supervisor running as root (no user in config file)
2021-04-09 11:24:54,196 CRIT Supervisor running as root (no user in config file)
2021-04-09 11:25:44,449 CRIT Supervisor running as root (no user in config file)
2021-04-09 11:26:34,696 CRIT Supervisor running as root (no user in config file)
2021-04-09 11:27:24,947 CRIT Supervisor running as root (no user in config file)
2021-04-09 11:28:15,241 CRIT Supervisor running as root (no user in config file)
2021-04-09 11:29:05,446 CRIT Supervisor running as root (no user in config file)
2021-04-09 11:29:55,696 CRIT Supervisor running as root (no user in config file)
2021-04-09 11:30:45,941 CRIT Supervisor running as root (no user in config file)
2021-04-09 11:31:36,197 CRIT Supervisor running as root (no user in config file)
2021-04-09 11:32:26,447 CRIT Supervisor running as root (no user in config file)
2021-04-09 11:33:16,697 CRIT Supervisor running as root (no user in config file)
2021-04-09 11:34:06,946 CRIT Supervisor running as root (no user in config file)
2021-04-09 11:34:57,197 CRIT Supervisor running as root (no user in config file)
2021-04-09 11:35:47,447 CRIT Supervisor running as root (no user in config file)
2021-04-09 11:36:37,694 CRIT Supervisor running as root (no user in config file)
2021-04-09 11:37:27,947 CRIT Supervisor running as root (no user in config file)
2021-04-09 11:38:18,196 CRIT Supervisor running as root (no user in config file)
2021-04-09 11:39:08,447 CRIT Supervisor running as root (no user in config file)
2021-04-09 11:39:58,697 CRIT Supervisor running as root (no user in config file)
2021-04-09 11:40:48,947 CRIT Supervisor running as root (no user in config file)
2021-04-09 11:41:39,238 CRIT Supervisor running as root (no user in config file)
2021-04-09 11:42:29,448 CRIT Supervisor running as root (no user in config file)
2021-04-09 11:43:19,696 CRIT Supervisor running as root (no user in config file)
2021-04-09 11:44:09,947 CRIT Supervisor running as root (no user in config file)
2021-04-09 11:45:00,197 CRIT Supervisor running as root (no user in config file)
2021-04-09 11:45:50,442 CRIT Supervisor running as root (no user in config file)
2021-04-09 11:46:40,697 CRIT Supervisor running as root (no user in config file)
2021-04-09 11:47:30,947 CRIT Supervisor running as root (no user in config file)
2021-04-09 11:48:21,196 CRIT Supervisor running as root (no user in config file)
2021-04-09 11:49:11,446 CRIT Supervisor running as root (no user in config file)
2021-04-09 11:50:01,699 CRIT Supervisor running as root (no user in config file)
2021-04-09 11:50:51,947 CRIT Supervisor running as root (no user in config file)
2021-04-09 11:51:42,198 CRIT Supervisor running as root (no user in config file)
2021-04-09 11:52:32,446 CRIT Supervisor running as root (no user in config file)
2021-04-09 11:53:22,697 CRIT Supervisor running as root (no user in config file)
2021-04-09 11:54:12,946 CRIT Supervisor running as root (no user in config file)
2021-04-09 11:55:03,196 CRIT Supervisor running as root (no user in config file)
2021-04-09 11:55:53,447 CRIT Supervisor running as root (no user in config file)
2021-04-09 11:56:43,693 CRIT Supervisor running as root (no user in config file)
2021-04-09 11:57:33,946 CRIT Supervisor running as root (no user in config file)
2021-04-09 11:58:24,197 CRIT Supervisor running as root (no user in config file)
2021-04-09 11:59:14,447 CRIT Supervisor running as root (no user in config file)
2021-04-09 12:00:04,696 CRIT Supervisor running as root (no user in config file)
2021-04-09 12:00:54,948 CRIT Supervisor running as root (no user in config file)
2021-04-09 12:01:45,196 CRIT Supervisor running as root (no user in config file)
2021-04-09 12:02:35,446 CRIT Supervisor running as root (no user in config file)
2021-04-09 12:03:25,698 CRIT Supervisor running as root (no user in config file)
2021-04-09 12:04:15,947 CRIT Supervisor running as root (no user in config file)
2021-04-09 12:05:06,197 CRIT Supervisor running as root (no user in config file)
2021-04-09 12:05:56,447 CRIT Supervisor running as root (no user in config file)
2021-04-09 12:06:46,691 CRIT Supervisor running as root (no user in config file)
2021-04-09 12:07:36,947 CRIT Supervisor running as root (no user in config file)
2021-04-09 12:08:27,197 CRIT Supervisor running as root (no user in config file)
2021-04-09 12:09:17,448 CRIT Supervisor running as root (no user in config file)
2021-04-09 12:10:07,697 CRIT Supervisor running as root (no user in config file)
2021-04-09 12:10:57,947 CRIT Supervisor running as root (no user in config file)
2021-04-09 12:11:48,197 CRIT Supervisor running as root (no user in config file)
2021-04-09 12:12:38,446 CRIT Supervisor running as root (no user in config file)
2021-04-09 12:13:28,698 CRIT Supervisor running as root (no user in config file)
2021-04-09 12:14:18,946 CRIT Supervisor running as root (no user in config file)
2021-04-09 12:15:09,197 CRIT Supervisor running as root (no user in config file)
2021-04-09 12:15:59,448 CRIT Supervisor running as root (no user in config file)
2021-04-09 12:16:49,695 CRIT Supervisor running as root (no user in config file)
2021-04-09 12:17:39,947 CRIT Supervisor running as root (no user in config file)
2021-04-09 12:18:30,197 CRIT Supervisor running as root (no user in config file)
2021-04-09 12:19:20,447 CRIT Supervisor running as root (no user in config file)
2021-04-09 12:20:10,699 CRIT Supervisor running as root (no user in config file)
2021-04-09 12:21:00,948 CRIT Supervisor running as root (no user in config file)
2021-04-09 12:21:51,197 CRIT Supervisor running as root (no user in config file)
2021-04-09 12:22:41,447 CRIT Supervisor running as root (no user in config file)
2021-04-09 12:23:31,696 CRIT Supervisor running as root (no user in config file)
2021-04-09 12:24:21,948 CRIT Supervisor running as root (no user in config file)
2021-04-09 12:25:12,198 CRIT Supervisor running as root (no user in config file)
2021-04-09 12:26:02,449 CRIT Supervisor running as root (no user in config file)
2021-04-09 12:26:52,698 CRIT Supervisor running as root (no user in config file)
2021-04-09 12:27:42,941 CRIT Supervisor running as root (no user in config file)
2021-04-09 12:28:33,198 CRIT Supervisor running as root (no user in config file)
2021-04-09 12:29:23,442 CRIT Supervisor running as root (no user in config file)
2021-04-09 12:30:13,698 CRIT Supervisor running as root (no user in config file)
2021-04-09 12:31:03,945 CRIT Supervisor running as root (no user in config file)
2021-04-09 12:31:54,198 CRIT Supervisor running as root (no user in config file)
2021-04-09 12:32:44,446 CRIT Supervisor running as root (no user in config file)
2021-04-09 12:33:34,697 CRIT Supervisor running as root (no user in config file)
2021-04-09 12:34:24,947 CRIT Supervisor running as root (no user in config file)
2021-04-09 12:35:15,196 CRIT Supervisor running as root (no user in config file)
2021-04-09 12:36:05,447 CRIT Supervisor running as root (no user in config file)
2021-04-09 12:36:55,698 CRIT Supervisor running as root (no user in config file)
2021-04-09 12:37:45,946 CRIT Supervisor running as root (no user in config file)
2021-04-09 12:38:36,197 CRIT Supervisor running as root (no user in config file)
2021-04-09 12:39:26,447 CRIT Supervisor running as root (no user in config file)
2021-04-09 12:40:16,692 CRIT Supervisor running as root (no user in config file)
2021-04-09 12:41:06,947 CRIT Supervisor running as root (no user in config file)
2021-04-09 12:41:57,192 CRIT Supervisor running as root (no user in config file)
2021-04-09 12:42:47,451 CRIT Supervisor running as root (no user in config file)
2021-04-09 12:43:37,695 CRIT Supervisor running as root (no user in config file)
2021-04-09 12:44:27,946 CRIT Supervisor running as root (no user in config file)
2021-04-09 12:45:18,195 CRIT Supervisor running as root (no user in config file)
2021-04-09 12:46:08,447 CRIT Supervisor running as root (no user in config file)
2021-04-09 12:46:58,698 CRIT Supervisor running as root (no user in config file)
2021-04-09 12:47:48,946 CRIT Supervisor running as root (no user in config file)
2021-04-09 12:48:39,195 CRIT Supervisor running as root (no user in config file)
2021-04-09 12:49:29,447 CRIT Supervisor running as root (no user in config file)
2021-04-09 12:50:19,692 CRIT Supervisor running as root (no user in config file)
2021-04-09 12:51:09,950 CRIT Supervisor running as root (no user in config file)
2021-04-09 12:52:00,201 CRIT Supervisor running as root (no user in config file)
2021-04-09 12:52:50,445 CRIT Supervisor running as root (no user in config file)
2021-04-09 12:53:40,699 CRIT Supervisor running as root (no user in config file)
2021-04-09 12:54:30,948 CRIT Supervisor running as root (no user in config file)
2021-04-09 12:55:21,198 CRIT Supervisor running as root (no user in config file)
2021-04-09 12:56:11,447 CRIT Supervisor running as root (no user in config file)
2021-04-09 12:57:01,696 CRIT Supervisor running as root (no user in config file)
2021-04-09 12:57:51,946 CRIT Supervisor running as root (no user in config file)
2021-04-09 12:58:42,196 CRIT Supervisor running as root (no user in config file)
2021-04-09 12:59:32,448 CRIT Supervisor running as root (no user in config file)
2021-04-09 13:00:22,693 CRIT Supervisor running as root (no user in config file)
2021-04-09 13:01:12,946 CRIT Supervisor running as root (no user in config file)
2021-04-09 13:02:03,192 CRIT Supervisor running as root (no user in config file)
2021-04-09 13:02:53,445 CRIT Supervisor running as root (no user in config file)
2021-04-09 13:03:43,692 CRIT Supervisor running as root (no user in config file)
2021-04-09 13:04:33,946 CRIT Supervisor running as root (no user in config file)
2021-04-09 13:05:24,199 CRIT Supervisor running as root (no user in config file)
2021-04-09 13:06:14,488 CRIT Supervisor running as root (no user in config file)
2021-04-09 13:07:04,697 CRIT Supervisor running as root (no user in config file)
2021-04-09 13:07:54,948 CRIT Supervisor running as root (no user in config file)
2021-04-09 13:08:45,197 CRIT Supervisor running as root (no user in config file)
2021-04-09 13:09:35,446 CRIT Supervisor running as root (no user in config file)
2021-04-09 13:10:25,697 CRIT Supervisor running as root (no user in config file)
2021-04-09 13:11:15,948 CRIT Supervisor running as root (no user in config file)
2021-04-09 13:12:06,197 CRIT Supervisor running as root (no user in config file)
2021-04-09 13:12:56,447 CRIT Supervisor running as root (no user in config file)
2021-04-09 13:13:46,698 CRIT Supervisor running as root (no user in config file)
2021-04-09 13:14:36,948 CRIT Supervisor running as root (no user in config file)
2021-04-09 13:15:27,197 CRIT Supervisor running as root (no user in config file)
2021-04-09 13:16:17,448 CRIT Supervisor running as root (no user in config file)
2021-04-09 13:17:07,698 CRIT Supervisor running as root (no user in config file)
2021-04-09 13:17:57,948 CRIT Supervisor running as root (no user in config file)
2021-04-09 13:18:48,196 CRIT Supervisor running as root (no user in config file)
2021-04-09 13:19:38,448 CRIT Supervisor running as root (no user in config file)
2021-04-09 13:20:28,697 CRIT Supervisor running as root (no user in config file)
2021-04-09 13:21:18,947 CRIT Supervisor running as root (no user in config file)
2021-04-09 13:22:09,197 CRIT Supervisor running as root (no user in config file)
2021-04-09 13:22:59,440 CRIT Supervisor running as root (no user in config file)
2021-04-09 13:23:49,695 CRIT Supervisor running as root (no user in config file)
2021-04-09 13:24:39,949 CRIT Supervisor running as root (no user in config file)
2021-04-09 13:25:30,198 CRIT Supervisor running as root (no user in config file)
2021-04-09 13:26:20,446 CRIT Supervisor running as root (no user in config file)
2021-04-09 13:27:10,696 CRIT Supervisor running as root (no user in config file)
2021-04-09 13:28:00,947 CRIT Supervisor running as root (no user in config file)
2021-04-09 13:28:51,197 CRIT Supervisor running as root (no user in config file)
2021-04-09 13:29:41,488 CRIT Supervisor running as root (no user in config file)
2021-04-09 13:30:31,663 CRIT Supervisor running as root (no user in config file)
2021-04-09 13:31:15,913 INFO exited: jianpan_4_9 (exit status 1; not expected)
2021-04-09 13:31:16,916 INFO spawned: 'jianpan_4_9' with pid 17188
2021-04-09 13:31:16,936 INFO exited: jianpan_4_9 (exit status 1; not expected)
2021-04-09 13:31:17,939 INFO spawned: 'jianpan_4_9' with pid 17191
2021-04-09 13:31:17,994 INFO exited: jianpan_4_9 (exit status 1; not expected)
2021-04-09 13:31:19,998 INFO spawned: 'jianpan_4_9' with pid 17194
2021-04-09 13:31:20,016 INFO exited: jianpan_4_9 (exit status 1; not expected)
2021-04-09 13:31:21,949 CRIT Supervisor running as root (no user in config file)
2021-04-09 13:31:23,955 INFO spawned: 'jianpan_4_9' with pid 17207
2021-04-09 13:31:23,974 INFO exited: jianpan_4_9 (exit status 1; not expected)
2021-04-09 13:31:27,981 INFO spawned: 'jianpan_4_9' with pid 17214
2021-04-09 13:31:28,000 INFO exited: jianpan_4_9 (exit status 1; not expected)
2021-04-09 13:31:33,008 INFO spawned: 'jianpan_4_9' with pid 17218
2021-04-09 13:31:33,027 INFO exited: jianpan_4_9 (exit status 1; not expected)
2021-04-09 13:31:39,038 INFO spawned: 'jianpan_4_9' with pid 17220
2021-04-09 13:31:39,057 INFO exited: jianpan_4_9 (exit status 1; not expected)
2021-04-09 13:31:46,068 INFO spawned: 'jianpan_4_9' with pid 17223
2021-04-09 13:31:46,087 INFO exited: jianpan_4_9 (exit status 1; not expected)
2021-04-09 13:31:54,099 INFO spawned: 'jianpan_4_9' with pid 17231
2021-04-09 13:31:54,118 INFO exited: jianpan_4_9 (exit status 1; not expected)
2021-04-09 13:32:03,131 INFO spawned: 'jianpan_4_9' with pid 17243
2021-04-09 13:32:03,150 INFO exited: jianpan_4_9 (exit status 1; not expected)
2021-04-09 13:32:12,194 CRIT Supervisor running as root (no user in config file)
2021-04-09 13:32:13,199 INFO spawned: 'jianpan_4_9' with pid 17258
2021-04-09 13:32:13,215 INFO exited: jianpan_4_9 (exit status 1; not expected)
2021-04-09 13:32:14,216 INFO gave up: jianpan_4_9 entered FATAL state, too many start retries too quickly
2021-04-09 13:33:02,449 CRIT Supervisor running as root (no user in config file)
2021-04-09 13:33:52,697 CRIT Supervisor running as root (no user in config file)
2021-04-09 13:34:42,950 CRIT Supervisor running as root (no user in config file)
2021-04-09 13:35:33,241 CRIT Supervisor running as root (no user in config file)
2021-04-09 13:36:23,449 CRIT Supervisor running as root (no user in config file)
2021-04-09 13:37:13,693 CRIT Supervisor running as root (no user in config file)
2021-04-09 13:38:03,946 CRIT Supervisor running as root (no user in config file)
2021-04-09 13:38:39,361 INFO RPC interface 'supervisor' initialized
2021-04-09 13:38:39,361 CRIT Server 'unix_http_server' running without any HTTP authentication checking
2021-04-09 13:38:39,362 INFO daemonizing the supervisord process
2021-04-09 13:38:39,362 INFO supervisord started with pid 17626
2021-04-09 13:38:40,366 INFO spawned: 'jianpan_4_9' with pid 17627
2021-04-09 13:38:41,216 INFO exited: jianpan_4_9 (exit status 1; not expected)
2021-04-09 13:38:42,220 INFO spawned: 'jianpan_4_9' with pid 17659
2021-04-09 13:38:43,061 INFO exited: jianpan_4_9 (exit status 1; not expected)
2021-04-09 13:38:45,476 INFO spawned: 'jianpan_4_9' with pid 17692
2021-04-09 13:38:46,307 INFO exited: jianpan_4_9 (exit status 1; not expected)
2021-04-09 13:38:49,313 INFO spawned: 'jianpan_4_9' with pid 17724
2021-04-09 13:38:50,155 INFO exited: jianpan_4_9 (exit status 1; not expected)
2021-04-09 13:38:54,161 INFO spawned: 'jianpan_4_9' with pid 17757
2021-04-09 13:38:54,208 CRIT Supervisor running as root (no user in config file)
2021-04-09 13:38:55,026 INFO exited: jianpan_4_9 (exit status 1; not expected)
2021-04-09 13:39:00,546 INFO spawned: 'jianpan_4_9' with pid 17793
2021-04-09 13:39:01,388 INFO exited: jianpan_4_9 (exit status 1; not expected)
2021-04-09 13:39:07,398 INFO spawned: 'jianpan_4_9' with pid 17825
2021-04-09 13:39:08,232 INFO exited: jianpan_4_9 (exit status 1; not expected)
2021-04-09 13:39:15,244 INFO spawned: 'jianpan_4_9' with pid 17857
2021-04-09 13:39:16,078 INFO exited: jianpan_4_9 (exit status 1; not expected)
2021-04-09 13:39:24,090 INFO spawned: 'jianpan_4_9' with pid 17890
2021-04-09 13:39:24,926 INFO exited: jianpan_4_9 (exit status 1; not expected)
2021-04-09 13:39:33,940 INFO spawned: 'jianpan_4_9' with pid 17926
2021-04-09 13:39:34,791 INFO exited: jianpan_4_9 (exit status 1; not expected)
2021-04-09 13:39:44,447 CRIT Supervisor running as root (no user in config file)
2021-04-09 13:39:45,453 INFO spawned: 'jianpan_4_9' with pid 17963
2021-04-09 13:39:46,298 INFO exited: jianpan_4_9 (exit status 1; not expected)
2021-04-09 13:39:47,299 INFO gave up: jianpan_4_9 entered FATAL state, too many start retries too quickly
2021-04-09 13:40:21,827 INFO spawned: 'jianpan_4_9' with pid 18001
2021-04-09 13:40:22,634 INFO exited: jianpan_4_9 (exit status 1; not expected)
2021-04-09 13:40:23,638 INFO spawned: 'jianpan_4_9' with pid 18034
2021-04-09 13:40:24,462 INFO exited: jianpan_4_9 (exit status 1; not expected)
2021-04-09 13:40:26,466 INFO spawned: 'jianpan_4_9' with pid 18066
2021-04-09 13:40:27,301 INFO exited: jianpan_4_9 (exit status 1; not expected)
2021-04-09 13:40:30,825 INFO spawned: 'jianpan_4_9' with pid 18099
2021-04-09 13:40:31,671 INFO exited: jianpan_4_9 (exit status 1; not expected)
2021-04-09 13:40:34,698 CRIT Supervisor running as root (no user in config file)
2021-04-09 13:40:35,702 INFO spawned: 'jianpan_4_9' with pid 18138
2021-04-09 13:40:36,546 INFO exited: jianpan_4_9 (exit status 1; not expected)
2021-04-09 13:40:41,554 INFO spawned: 'jianpan_4_9' with pid 18172
2021-04-09 13:40:42,380 INFO exited: jianpan_4_9 (exit status 1; not expected)
2021-04-09 13:40:48,390 INFO spawned: 'jianpan_4_9' with pid 18213
2021-04-09 13:40:49,215 INFO exited: jianpan_4_9 (exit status 1; not expected)
2021-04-09 13:40:56,226 INFO spawned: 'jianpan_4_9' with pid 18247
2021-04-09 13:40:57,076 INFO exited: jianpan_4_9 (exit status 1; not expected)
2021-04-09 13:40:59,525 WARN received SIGTERM indicating exit request
2021-04-09 13:41:06,702 INFO RPC interface 'supervisor' initialized
2021-04-09 13:41:06,702 CRIT Server 'unix_http_server' running without any HTTP authentication checking
2021-04-09 13:41:06,703 INFO daemonizing the supervisord process
2021-04-09 13:41:06,703 INFO supervisord started with pid 18286
2021-04-09 13:41:07,706 INFO spawned: 'jianpan_4_9' with pid 18289
2021-04-09 13:41:08,545 INFO exited: jianpan_4_9 (exit status 1; not expected)
2021-04-09 13:41:09,549 INFO spawned: 'jianpan_4_9' with pid 18321
2021-04-09 13:41:10,383 INFO exited: jianpan_4_9 (exit status 1; not expected)
2021-04-09 13:41:12,387 INFO spawned: 'jianpan_4_9' with pid 18353
2021-04-09 13:41:13,226 INFO exited: jianpan_4_9 (exit status 1; not expected)
2021-04-09 13:41:16,850 INFO spawned: 'jianpan_4_9' with pid 18386
2021-04-09 13:41:17,685 INFO exited: jianpan_4_9 (exit status 1; not expected)
2021-04-09 13:41:21,692 INFO spawned: 'jianpan_4_9' with pid 18418
2021-04-09 13:41:22,524 INFO exited: jianpan_4_9 (exit status 1; not expected)
2021-04-09 13:41:24,948 CRIT Supervisor running as root (no user in config file)
2021-04-09 13:41:27,956 INFO spawned: 'jianpan_4_9' with pid 18469
2021-04-09 13:41:28,829 INFO exited: jianpan_4_9 (exit status 1; not expected)
2021-04-09 13:41:34,837 INFO spawned: 'jianpan_4_9' with pid 18501
2021-04-09 13:41:35,702 INFO exited: jianpan_4_9 (exit status 1; not expected)
2021-04-09 13:41:42,713 INFO spawned: 'jianpan_4_9' with pid 18540
2021-04-09 13:41:43,543 INFO exited: jianpan_4_9 (exit status 1; not expected)
2021-04-09 13:41:51,555 INFO spawned: 'jianpan_4_9' with pid 18581
2021-04-09 13:41:52,438 INFO exited: jianpan_4_9 (exit status 1; not expected)
2021-04-09 13:42:01,452 INFO spawned: 'jianpan_4_9' with pid 18615
2021-04-09 13:42:02,307 INFO exited: jianpan_4_9 (exit status 1; not expected)
2021-04-09 13:42:12,475 INFO spawned: 'jianpan_4_9' with pid 18660
2021-04-09 13:42:15,197 CRIT Supervisor running as root (no user in config file)
2021-04-09 13:42:18,205 INFO success: jianpan_4_9 entered RUNNING state, process has stayed up for > than 5 seconds (startsecs)
2021-04-09 13:42:27,903 WARN received SIGTERM indicating exit request
2021-04-09 13:42:27,903 INFO waiting for jianpan_4_9 to die
2021-04-09 13:42:28,024 INFO stopped: jianpan_4_9 (exit status 0)
2021-04-09 13:42:33,185 INFO RPC interface 'supervisor' initialized
2021-04-09 13:42:33,185 CRIT Server 'unix_http_server' running without any HTTP authentication checking
2021-04-09 13:42:33,185 INFO daemonizing the supervisord process
2021-04-09 13:42:33,186 INFO supervisord started with pid 18740
2021-04-09 13:42:34,189 INFO spawned: 'jianpan_4_9' with pid 18741
2021-04-09 13:42:39,219 INFO success: jianpan_4_9 entered RUNNING state, process has stayed up for > than 5 seconds (startsecs)
2021-04-09 13:43:05,447 CRIT Supervisor running as root (no user in config file)
2021-04-09 13:43:55,697 CRIT Supervisor running as root (no user in config file)
2021-04-09 13:44:45,945 CRIT Supervisor running as root (no user in config file)
2021-04-09 13:45:36,198 CRIT Supervisor running as root (no user in config file)
2021-04-09 13:46:26,446 CRIT Supervisor running as root (no user in config file)
2021-04-09 13:47:16,696 CRIT Supervisor running as root (no user in config file)
2021-04-09 13:48:06,947 CRIT Supervisor running as root (no user in config file)
2021-04-09 13:48:57,197 CRIT Supervisor running as root (no user in config file)
2021-04-09 13:49:47,448 CRIT Supervisor running as root (no user in config file)
2021-04-09 13:50:37,696 CRIT Supervisor running as root (no user in config file)
2021-04-09 13:51:27,947 CRIT Supervisor running as root (no user in config file)
2021-04-09 13:52:18,198 CRIT Supervisor running as root (no user in config file)
2021-04-09 13:53:08,447 CRIT Supervisor running as root (no user in config file)
2021-04-09 13:53:58,698 CRIT Supervisor running as root (no user in config file)
2021-04-09 13:54:48,947 CRIT Supervisor running as root (no user in config file)
2021-04-09 13:55:39,198 CRIT Supervisor running as root (no user in config file)
2021-04-09 13:56:29,441 CRIT Supervisor running as root (no user in config file)
2021-04-09 13:57:19,697 CRIT Supervisor running as root (no user in config file)
2021-04-09 13:58:09,943 CRIT Supervisor running as root (no user in config file)
2021-04-09 13:59:00,198 CRIT Supervisor running as root (no user in config file)
2021-04-09 13:59:50,446 CRIT Supervisor running as root (no user in config file)
2021-04-09 14:00:40,738 CRIT Supervisor running as root (no user in config file)
2021-04-09 14:01:30,947 CRIT Supervisor running as root (no user in config file)
2021-04-09 14:02:21,197 CRIT Supervisor running as root (no user in config file)
2021-04-09 14:03:11,446 CRIT Supervisor running as root (no user in config file)
2021-04-09 14:04:01,697 CRIT Supervisor running as root (no user in config file)
2021-04-09 14:04:51,942 CRIT Supervisor running as root (no user in config file)
2021-04-09 14:05:42,196 CRIT Supervisor running as root (no user in config file)
2021-04-09 14:06:32,450 CRIT Supervisor running as root (no user in config file)
2021-04-09 14:07:22,696 CRIT Supervisor running as root (no user in config file)
2021-04-09 14:08:12,945 CRIT Supervisor running as root (no user in config file)
2021-04-09 14:09:03,196 CRIT Supervisor running as root (no user in config file)
2021-04-09 14:09:53,447 CRIT Supervisor running as root (no user in config file)
2021-04-09 14:10:43,697 CRIT Supervisor running as root (no user in config file)
2021-04-09 14:11:33,946 CRIT Supervisor running as root (no user in config file)
2021-04-09 14:12:24,196 CRIT Supervisor running as root (no user in config file)
2021-04-09 14:13:14,448 CRIT Supervisor running as root (no user in config file)
2021-04-09 14:14:04,693 CRIT Supervisor running as root (no user in config file)
2021-04-09 14:14:54,946 CRIT Supervisor running as root (no user in config file)
2021-04-09 14:15:45,196 CRIT Supervisor running as root (no user in config file)
2021-04-09 14:16:35,448 CRIT Supervisor running as root (no user in config file)
2021-04-09 14:17:25,696 CRIT Supervisor running as root (no user in config file)
2021-04-09 14:18:15,946 CRIT Supervisor running as root (no user in config file)
2021-04-09 14:19:06,197 CRIT Supervisor running as root (no user in config file)
2021-04-09 14:19:56,443 CRIT Supervisor running as root (no user in config file)
2021-04-09 14:20:46,696 CRIT Supervisor running as root (no user in config file)
2021-04-09 14:21:36,946 CRIT Supervisor running as root (no user in config file)
2021-04-09 14:22:27,196 CRIT Supervisor running as root (no user in config file)
2021-04-09 14:23:17,450 CRIT Supervisor running as root (no user in config file)
2021-04-09 14:24:07,696 CRIT Supervisor running as root (no user in config file)
2021-04-09 14:24:57,939 CRIT Supervisor running as root (no user in config file)
2021-04-09 14:25:48,197 CRIT Supervisor running as root (no user in config file)
2021-04-09 14:26:38,445 CRIT Supervisor running as root (no user in config file)
2021-04-09 14:27:28,697 CRIT Supervisor running as root (no user in config file)
2021-04-09 14:28:18,947 CRIT Supervisor running as root (no user in config file)
2021-04-09 14:29:09,197 CRIT Supervisor running as root (no user in config file)
2021-04-09 14:29:59,447 CRIT Supervisor running as root (no user in config file)
2021-04-09 14:30:49,698 CRIT Supervisor running as root (no user in config file)
2021-04-09 14:31:39,947 CRIT Supervisor running as root (no user in config file)
2021-04-09 14:32:30,196 CRIT Supervisor running as root (no user in config file)
2021-04-09 14:33:20,447 CRIT Supervisor running as root (no user in config file)
2021-04-09 14:34:10,697 CRIT Supervisor running as root (no user in config file)
2021-04-09 14:35:00,947 CRIT Supervisor running as root (no user in config file)
2021-04-09 14:35:51,193 CRIT Supervisor running as root (no user in config file)
2021-04-09 14:36:41,447 CRIT Supervisor running as root (no user in config file)
2021-04-09 14:37:31,694 CRIT Supervisor running as root (no user in config file)
2021-04-09 14:38:21,863 CRIT Supervisor running as root (no user in config file)
2021-04-09 14:39:11,946 CRIT Supervisor running as root (no user in config file)
2021-04-09 14:40:02,196 CRIT Supervisor running as root (no user in config file)
2021-04-09 14:40:52,444 CRIT Supervisor running as root (no user in config file)
2021-04-09 14:41:42,696 CRIT Supervisor running as root (no user in config file)
2021-04-09 14:42:32,946 CRIT Supervisor running as root (no user in config file)
2021-04-09 14:43:23,196 CRIT Supervisor running as root (no user in config file)
2021-04-09 14:44:13,491 CRIT Supervisor running as root (no user in config file)
2021-04-09 14:45:03,698 CRIT Supervisor running as root (no user in config file)
2021-04-09 14:45:53,946 CRIT Supervisor running as root (no user in config file)
2021-04-09 14:46:44,240 CRIT Supervisor running as root (no user in config file)
2021-04-09 14:47:34,446 CRIT Supervisor running as root (no user in config file)
2021-04-09 14:48:24,696 CRIT Supervisor running as root (no user in config file)
2021-04-09 14:49:14,946 CRIT Supervisor running as root (no user in config file)
2021-04-09 14:50:05,197 CRIT Supervisor running as root (no user in config file)
2021-04-09 14:50:55,446 CRIT Supervisor running as root (no user in config file)
2021-04-09 14:51:45,697 CRIT Supervisor running as root (no user in config file)
2021-04-09 14:52:35,946 CRIT Supervisor running as root (no user in config file)
2021-04-09 14:53:26,192 CRIT Supervisor running as root (no user in config file)
2021-04-09 14:54:16,446 CRIT Supervisor running as root (no user in config file)
2021-04-09 14:55:06,692 CRIT Supervisor running as root (no user in config file)
2021-04-09 14:55:56,946 CRIT Supervisor running as root (no user in config file)
2021-04-09 14:56:47,239 CRIT Supervisor running as root (no user in config file)
2021-04-09 14:57:37,487 CRIT Supervisor running as root (no user in config file)
2021-04-09 14:58:27,696 CRIT Supervisor running as root (no user in config file)
2021-04-09 14:59:17,946 CRIT Supervisor running as root (no user in config file)
2021-04-09 15:00:08,197 CRIT Supervisor running as root (no user in config file)
2021-04-09 15:00:58,447 CRIT Supervisor running as root (no user in config file)
2021-04-09 15:01:48,698 CRIT Supervisor running as root (no user in config file)
2021-04-09 15:02:38,947 CRIT Supervisor running as root (no user in config file)
2021-04-09 15:03:29,196 CRIT Supervisor running as root (no user in config file)
2021-04-09 15:04:19,446 CRIT Supervisor running as root (no user in config file)
2021-04-09 15:05:09,696 CRIT Supervisor running as root (no user in config file)
2021-04-09 15:05:59,946 CRIT Supervisor running as root (no user in config file)
2021-04-09 15:06:50,197 CRIT Supervisor running as root (no user in config file)
2021-04-09 15:07:40,447 CRIT Supervisor running as root (no user in config file)
2021-04-09 15:08:30,697 CRIT Supervisor running as root (no user in config file)
2021-04-09 15:09:20,944 CRIT Supervisor running as root (no user in config file)
2021-04-09 15:10:11,197 CRIT Supervisor running as root (no user in config file)
2021-04-09 15:11:01,444 CRIT Supervisor running as root (no user in config file)
2021-04-09 15:11:51,697 CRIT Supervisor running as root (no user in config file)
2021-04-09 15:12:41,946 CRIT Supervisor running as root (no user in config file)
2021-04-09 15:13:32,197 CRIT Supervisor running as root (no user in config file)
2021-04-09 15:14:22,489 CRIT Supervisor running as root (no user in config file)
2021-04-09 15:15:12,697 CRIT Supervisor running as root (no user in config file)
2021-04-09 15:16:02,947 CRIT Supervisor running as root (no user in config file)
2021-04-09 15:16:53,239 CRIT Supervisor running as root (no user in config file)
2021-04-09 15:17:43,446 CRIT Supervisor running as root (no user in config file)
2021-04-09 15:18:33,698 CRIT Supervisor running as root (no user in config file)
2021-04-09 15:19:23,947 CRIT Supervisor running as root (no user in config file)
2021-04-09 15:20:14,193 CRIT Supervisor running as root (no user in config file)
2021-04-09 15:21:04,446 CRIT Supervisor running as root (no user in config file)
2021-04-09 15:21:54,698 CRIT Supervisor running as root (no user in config file)
2021-04-09 15:22:44,946 CRIT Supervisor running as root (no user in config file)
2021-04-09 15:23:35,197 CRIT Supervisor running as root (no user in config file)
2021-04-09 15:24:25,489 CRIT Supervisor running as root (no user in config file)
2021-04-09 15:25:15,697 CRIT Supervisor running as root (no user in config file)
2021-04-09 15:26:05,947 CRIT Supervisor running as root (no user in config file)
2021-04-09 15:26:56,197 CRIT Supervisor running as root (no user in config file)
2021-04-09 15:27:46,447 CRIT Supervisor running as root (no user in config file)
2021-04-09 15:28:36,695 CRIT Supervisor running as root (no user in config file)
2021-04-09 15:29:26,946 CRIT Supervisor running as root (no user in config file)
2021-04-09 15:30:17,196 CRIT Supervisor running as root (no user in config file)
2021-04-09 15:31:07,445 CRIT Supervisor running as root (no user in config file)
2021-04-09 15:31:57,697 CRIT Supervisor running as root (no user in config file)
2021-04-09 15:32:47,946 CRIT Supervisor running as root (no user in config file)
2021-04-09 15:33:38,197 CRIT Supervisor running as root (no user in config file)
2021-04-09 15:34:28,447 CRIT Supervisor running as root (no user in config file)
2021-04-09 15:35:18,696 CRIT Supervisor running as root (no user in config file)
2021-04-09 15:36:08,947 CRIT Supervisor running as root (no user in config file)
2021-04-09 15:36:59,197 CRIT Supervisor running as root (no user in config file)
2021-04-09 15:37:49,446 CRIT Supervisor running as root (no user in config file)
2021-04-09 15:38:39,741 CRIT Supervisor running as root (no user in config file)
2021-04-09 15:39:29,948 CRIT Supervisor running as root (no user in config file)
2021-04-09 15:40:20,197 CRIT Supervisor running as root (no user in config file)
2021-04-09 15:41:10,441 CRIT Supervisor running as root (no user in config file)
2021-04-09 15:42:00,697 CRIT Supervisor running as root (no user in config file)
2021-04-09 15:42:50,947 CRIT Supervisor running as root (no user in config file)
2021-04-09 15:43:41,194 CRIT Supervisor running as root (no user in config file)
2021-04-09 15:44:31,446 CRIT Supervisor running as root (no user in config file)
2021-04-09 15:45:21,696 CRIT Supervisor running as root (no user in config file)
2021-04-09 15:46:11,946 CRIT Supervisor running as root (no user in config file)
2021-04-09 15:47:02,198 CRIT Supervisor running as root (no user in config file)
2021-04-09 15:47:52,446 CRIT Supervisor running as root (no user in config file)
2021-04-09 15:48:42,696 CRIT Supervisor running as root (no user in config file)
2021-04-09 15:49:32,989 CRIT Supervisor running as root (no user in config file)
2021-04-09 15:50:23,196 CRIT Supervisor running as root (no user in config file)
2021-04-09 15:51:13,447 CRIT Supervisor running as root (no user in config file)
2021-04-09 15:52:03,696 CRIT Supervisor running as root (no user in config file)
2021-04-09 15:52:53,947 CRIT Supervisor running as root (no user in config file)
2021-04-09 15:53:44,198 CRIT Supervisor running as root (no user in config file)
2021-04-09 15:54:34,447 CRIT Supervisor running as root (no user in config file)
2021-04-09 15:55:24,697 CRIT Supervisor running as root (no user in config file)
2021-04-09 15:56:14,947 CRIT Supervisor running as root (no user in config file)
2021-04-09 15:57:05,197 CRIT Supervisor running as root (no user in config file)
2021-04-09 15:57:55,446 CRIT Supervisor running as root (no user in config file)
2021-04-09 15:58:45,698 CRIT Supervisor running as root (no user in config file)
2021-04-09 15:59:35,948 CRIT Supervisor running as root (no user in config file)
2021-04-09 16:00:26,192 CRIT Supervisor running as root (no user in config file)
2021-04-09 16:01:16,448 CRIT Supervisor running as root (no user in config file)
2021-04-09 16:02:06,696 CRIT Supervisor running as root (no user in config file)
2021-04-09 16:02:56,947 CRIT Supervisor running as root (no user in config file)
2021-04-09 16:03:47,196 CRIT Supervisor running as root (no user in config file)
2021-04-09 16:04:37,446 CRIT Supervisor running as root (no user in config file)
2021-04-09 16:05:27,696 CRIT Supervisor running as root (no user in config file)
2021-04-09 16:06:17,946 CRIT Supervisor running as root (no user in config file)
2021-04-09 16:07:08,198 CRIT Supervisor running as root (no user in config file)
2021-04-09 16:07:58,447 CRIT Supervisor running as root (no user in config file)
2021-04-09 16:08:48,696 CRIT Supervisor running as root (no user in config file)
2021-04-09 16:09:38,947 CRIT Supervisor running as root (no user in config file)
2021-04-09 16:10:29,196 CRIT Supervisor running as root (no user in config file)
2021-04-09 16:11:19,447 CRIT Supervisor running as root (no user in config file)
2021-04-09 16:12:09,697 CRIT Supervisor running as root (no user in config file)
2021-04-09 16:12:59,989 CRIT Supervisor running as root (no user in config file)
2021-04-09 16:13:50,197 CRIT Supervisor running as root (no user in config file)
2021-04-09 16:14:40,446 CRIT Supervisor running as root (no user in config file)
2021-04-09 16:15:30,696 CRIT Supervisor running as root (no user in config file)
2021-04-09 16:16:20,946 CRIT Supervisor running as root (no user in config file)
2021-04-09 16:17:11,197 CRIT Supervisor running as root (no user in config file)
2021-04-09 16:18:01,446 CRIT Supervisor running as root (no user in config file)
2021-04-09 16:18:51,698 CRIT Supervisor running as root (no user in config file)
2021-04-09 16:19:41,948 CRIT Supervisor running as root (no user in config file)
2021-04-09 16:20:32,239 CRIT Supervisor running as root (no user in config file)
2021-04-09 16:21:22,446 CRIT Supervisor running as root (no user in config file)
2021-04-09 16:22:12,697 CRIT Supervisor running as root (no user in config file)
2021-04-09 16:23:02,947 CRIT Supervisor running as root (no user in config file)
2021-04-09 16:23:53,196 CRIT Supervisor running as root (no user in config file)
2021-04-09 16:24:43,444 CRIT Supervisor running as root (no user in config file)
2021-04-09 16:25:33,696 CRIT Supervisor running as root (no user in config file)
2021-04-09 16:26:23,945 CRIT Supervisor running as root (no user in config file)
2021-04-09 16:27:14,197 CRIT Supervisor running as root (no user in config file)
2021-04-09 16:28:04,446 CRIT Supervisor running as root (no user in config file)
2021-04-09 16:28:54,697 CRIT Supervisor running as root (no user in config file)
2021-04-09 16:29:44,946 CRIT Supervisor running as root (no user in config file)
2021-04-09 16:30:35,196 CRIT Supervisor running as root (no user in config file)
2021-04-09 16:31:25,487 CRIT Supervisor running as root (no user in config file)
2021-04-09 16:32:15,696 CRIT Supervisor running as root (no user in config file)
2021-04-09 16:33:05,948 CRIT Supervisor running as root (no user in config file)
2021-04-09 16:33:56,197 CRIT Supervisor running as root (no user in config file)
2021-04-09 16:34:46,447 CRIT Supervisor running as root (no user in config file)
2021-04-09 16:35:36,697 CRIT Supervisor running as root (no user in config file)
2021-04-09 16:36:26,988 CRIT Supervisor running as root (no user in config file)
2021-04-09 16:37:17,240 CRIT Supervisor running as root (no user in config file)
2021-04-09 16:38:07,447 CRIT Supervisor running as root (no user in config file)
2021-04-09 16:38:57,703 CRIT Supervisor running as root (no user in config file)
2021-04-09 16:39:47,946 CRIT Supervisor running as root (no user in config file)
2021-04-09 16:40:38,193 CRIT Supervisor running as root (no user in config file)
2021-04-09 16:41:28,447 CRIT Supervisor running as root (no user in config file)
2021-04-09 16:42:18,697 CRIT Supervisor running as root (no user in config file)
2021-04-09 16:43:08,947 CRIT Supervisor running as root (no user in config file)
2021-04-09 16:43:59,238 CRIT Supervisor running as root (no user in config file)
2021-04-09 16:44:49,447 CRIT Supervisor running as root (no user in config file)
2021-04-09 16:45:39,698 CRIT Supervisor running as root (no user in config file)
2021-04-09 16:46:29,947 CRIT Supervisor running as root (no user in config file)
2021-04-09 16:47:20,196 CRIT Supervisor running as root (no user in config file)
2021-04-09 16:48:10,440 CRIT Supervisor running as root (no user in config file)
2021-04-09 16:49:00,696 CRIT Supervisor running as root (no user in config file)
2021-04-09 16:49:50,946 CRIT Supervisor running as root (no user in config file)
2021-04-09 16:50:41,197 CRIT Supervisor running as root (no user in config file)
2021-04-09 16:51:31,447 CRIT Supervisor running as root (no user in config file)
2021-04-09 16:52:21,698 CRIT Supervisor running as root (no user in config file)
2021-04-09 16:53:11,946 CRIT Supervisor running as root (no user in config file)
2021-04-09 16:54:02,196 CRIT Supervisor running as root (no user in config file)
2021-04-09 16:54:52,447 CRIT Supervisor running as root (no user in config file)
2021-04-09 16:55:42,697 CRIT Supervisor running as root (no user in config file)
2021-04-09 16:56:32,946 CRIT Supervisor running as root (no user in config file)
2021-04-09 16:57:23,197 CRIT Supervisor running as root (no user in config file)
2021-04-09 16:58:13,448 CRIT Supervisor running as root (no user in config file)
2021-04-09 16:59:03,696 CRIT Supervisor running as root (no user in config file)
2021-04-09 16:59:53,947 CRIT Supervisor running as root (no user in config file)
2021-04-09 17:00:44,238 CRIT Supervisor running as root (no user in config file)
2021-04-09 17:01:34,447 CRIT Supervisor running as root (no user in config file)
2021-04-09 17:02:24,697 CRIT Supervisor running as root (no user in config file)
2021-04-09 17:03:14,946 CRIT Supervisor running as root (no user in config file)
2021-04-09 17:04:05,198 CRIT Supervisor running as root (no user in config file)
2021-04-09 17:04:55,447 CRIT Supervisor running as root (no user in config file)
2021-04-09 17:05:45,697 CRIT Supervisor running as root (no user in config file)
2021-04-09 17:06:35,947 CRIT Supervisor running as root (no user in config file)
2021-04-09 17:07:26,239 CRIT Supervisor running as root (no user in config file)
2021-04-09 17:08:16,447 CRIT Supervisor running as root (no user in config file)
2021-04-09 17:09:06,698 CRIT Supervisor running as root (no user in config file)
2021-04-09 17:09:56,947 CRIT Supervisor running as root (no user in config file)
2021-04-09 17:10:47,197 CRIT Supervisor running as root (no user in config file)
2021-04-09 17:11:37,442 CRIT Supervisor running as root (no user in config file)
2021-04-09 17:12:27,699 CRIT Supervisor running as root (no user in config file)
2021-04-09 17:13:17,944 CRIT Supervisor running as root (no user in config file)
2021-04-09 17:14:08,198 CRIT Supervisor running as root (no user in config file)
2021-04-09 17:14:58,448 CRIT Supervisor running as root (no user in config file)
2021-04-09 17:15:48,698 CRIT Supervisor running as root (no user in config file)
2021-04-09 17:16:38,947 CRIT Supervisor running as root (no user in config file)
2021-04-09 17:17:29,197 CRIT Supervisor running as root (no user in config file)
2021-04-09 17:18:19,446 CRIT Supervisor running as root (no user in config file)
2021-04-09 17:19:09,698 CRIT Supervisor running as root (no user in config file)
2021-04-09 17:19:59,946 CRIT Supervisor running as root (no user in config file)
2021-04-09 17:20:50,195 CRIT Supervisor running as root (no user in config file)
2021-04-09 17:21:40,448 CRIT Supervisor running as root (no user in config file)
2021-04-09 17:22:30,697 CRIT Supervisor running as root (no user in config file)
2021-04-09 17:23:20,946 CRIT Supervisor running as root (no user in config file)
2021-04-09 17:24:11,238 CRIT Supervisor running as root (no user in config file)
2021-04-09 17:25:01,449 CRIT Supervisor running as root (no user in config file)
2021-04-09 17:25:51,697 CRIT Supervisor running as root (no user in config file)
2021-04-09 17:26:41,944 CRIT Supervisor running as root (no user in config file)
2021-04-09 17:27:32,197 CRIT Supervisor running as root (no user in config file)
2021-04-09 17:28:22,446 CRIT Supervisor running as root (no user in config file)
2021-04-09 17:29:12,696 CRIT Supervisor running as root (no user in config file)
2021-04-09 17:30:02,942 CRIT Supervisor running as root (no user in config file)
2021-04-09 17:30:53,197 CRIT Supervisor running as root (no user in config file)
2021-04-09 17:31:43,446 CRIT Supervisor running as root (no user in config file)
2021-04-09 17:32:33,696 CRIT Supervisor running as root (no user in config file)
2021-04-09 17:33:23,946 CRIT Supervisor running as root (no user in config file)
2021-04-09 17:34:14,196 CRIT Supervisor running as root (no user in config file)
2021-04-09 17:35:04,447 CRIT Supervisor running as root (no user in config file)
2021-04-09 17:35:54,697 CRIT Supervisor running as root (no user in config file)
2021-04-09 17:36:44,946 CRIT Supervisor running as root (no user in config file)
2021-04-09 17:37:35,198 CRIT Supervisor running as root (no user in config file)
2021-04-09 17:38:25,445 CRIT Supervisor running as root (no user in config file)
2021-04-09 17:39:15,696 CRIT Supervisor running as root (no user in config file)
2021-04-09 17:40:05,947 CRIT Supervisor running as root (no user in config file)
2021-04-09 17:40:56,192 CRIT Supervisor running as root (no user in config file)
2021-04-09 17:41:46,446 CRIT Supervisor running as root (no user in config file)
2021-04-09 17:42:36,698 CRIT Supervisor running as root (no user in config file)
2021-04-09 17:43:26,946 CRIT Supervisor running as root (no user in config file)
2021-04-09 17:44:17,196 CRIT Supervisor running as root (no user in config file)
2021-04-09 17:45:07,446 CRIT Supervisor running as root (no user in config file)
2021-04-09 17:45:57,697 CRIT Supervisor running as root (no user in config file)
2021-04-09 17:46:47,946 CRIT Supervisor running as root (no user in config file)
2021-04-09 17:47:38,197 CRIT Supervisor running as root (no user in config file)
2021-04-09 17:48:28,446 CRIT Supervisor running as root (no user in config file)
2021-04-09 17:49:18,692 CRIT Supervisor running as root (no user in config file)
2021-04-09 17:50:08,946 CRIT Supervisor running as root (no user in config file)
2021-04-09 17:50:59,196 CRIT Supervisor running as root (no user in config file)
2021-04-09 17:51:49,447 CRIT Supervisor running as root (no user in config file)
2021-04-09 17:52:39,693 CRIT Supervisor running as root (no user in config file)
2021-04-09 17:53:29,947 CRIT Supervisor running as root (no user in config file)
2021-04-09 17:54:20,195 CRIT Supervisor running as root (no user in config file)
2021-04-09 17:55:10,446 CRIT Supervisor running as root (no user in config file)
2021-04-09 17:56:00,697 CRIT Supervisor running as root (no user in config file)
2021-04-09 17:56:50,946 CRIT Supervisor running as root (no user in config file)
2021-04-09 17:57:41,197 CRIT Supervisor running as root (no user in config file)
2021-04-09 17:58:31,446 CRIT Supervisor running as root (no user in config file)
2021-04-09 17:59:21,697 CRIT Supervisor running as root (no user in config file)
2021-04-09 18:00:11,946 CRIT Supervisor running as root (no user in config file)
2021-04-09 18:01:02,197 CRIT Supervisor running as root (no user in config file)
2021-04-09 18:01:52,441 CRIT Supervisor running as root (no user in config file)
2021-04-09 18:02:42,697 CRIT Supervisor running as root (no user in config file)
2021-04-09 18:03:32,947 CRIT Supervisor running as root (no user in config file)
2021-04-09 18:04:23,196 CRIT Supervisor running as root (no user in config file)
2021-04-09 18:05:13,446 CRIT Supervisor running as root (no user in config file)
2021-04-09 18:06:03,696 CRIT Supervisor running as root (no user in config file)
2021-04-09 18:06:53,947 CRIT Supervisor running as root (no user in config file)
2021-04-09 18:07:44,197 CRIT Supervisor running as root (no user in config file)
2021-04-09 18:08:34,446 CRIT Supervisor running as root (no user in config file)
2021-04-09 18:09:24,697 CRIT Supervisor running as root (no user in config file)
2021-04-09 18:10:14,946 CRIT Supervisor running as root (no user in config file)
2021-04-09 18:11:05,197 CRIT Supervisor running as root (no user in config file)
2021-04-09 18:11:55,446 CRIT Supervisor running as root (no user in config file)
2021-04-09 18:12:45,697 CRIT Supervisor running as root (no user in config file)
2021-04-09 18:13:35,946 CRIT Supervisor running as root (no user in config file)
2021-04-09 18:14:26,238 CRIT Supervisor running as root (no user in config file)
2021-04-09 18:15:16,446 CRIT Supervisor running as root (no user in config file)
2021-04-09 18:16:06,697 CRIT Supervisor running as root (no user in config file)
2021-04-09 18:16:56,946 CRIT Supervisor running as root (no user in config file)
2021-04-09 18:17:47,196 CRIT Supervisor running as root (no user in config file)
2021-04-09 18:18:37,447 CRIT Supervisor running as root (no user in config file)
2021-04-09 18:19:27,696 CRIT Supervisor running as root (no user in config file)
2021-04-09 18:20:17,947 CRIT Supervisor running as root (no user in config file)
2021-04-09 18:21:08,197 CRIT Supervisor running as root (no user in config file)
2021-04-09 18:21:58,447 CRIT Supervisor running as root (no user in config file)
2021-04-09 18:22:48,697 CRIT Supervisor running as root (no user in config file)
2021-04-09 18:23:38,945 CRIT Supervisor running as root (no user in config file)
2021-04-09 18:24:29,239 CRIT Supervisor running as root (no user in config file)
2021-04-09 18:25:19,446 CRIT Supervisor running as root (no user in config file)
2021-04-09 18:26:09,695 CRIT Supervisor running as root (no user in config file)
2021-04-09 18:26:59,946 CRIT Supervisor running as root (no user in config file)
2021-04-09 18:27:50,196 CRIT Supervisor running as root (no user in config file)
2021-04-09 18:28:40,448 CRIT Supervisor running as root (no user in config file)
2021-04-09 18:29:30,699 CRIT Supervisor running as root (no user in config file)
2021-04-09 18:30:20,946 CRIT Supervisor running as root (no user in config file)
2021-04-09 18:31:11,195 CRIT Supervisor running as root (no user in config file)
2021-04-09 18:32:01,447 CRIT Supervisor running as root (no user in config file)
2021-04-09 18:32:51,698 CRIT Supervisor running as root (no user in config file)
2021-04-09 18:33:41,946 CRIT Supervisor running as root (no user in config file)
2021-04-09 18:34:32,198 CRIT Supervisor running as root (no user in config file)
2021-04-09 18:35:22,491 CRIT Supervisor running as root (no user in config file)
2021-04-09 18:36:12,701 CRIT Supervisor running as root (no user in config file)
2021-04-09 18:37:02,947 CRIT Supervisor running as root (no user in config file)
2021-04-09 18:37:53,194 CRIT Supervisor running as root (no user in config file)
2021-04-09 18:38:43,449 CRIT Supervisor running as root (no user in config file)
2021-04-09 18:39:33,698 CRIT Supervisor running as root (no user in config file)
2021-04-09 18:40:23,948 CRIT Supervisor running as root (no user in config file)
2021-04-09 18:41:14,193 CRIT Supervisor running as root (no user in config file)
2021-04-09 18:42:04,448 CRIT Supervisor running as root (no user in config file)
2021-04-09 18:42:54,694 CRIT Supervisor running as root (no user in config file)
2021-04-09 18:43:44,947 CRIT Supervisor running as root (no user in config file)
2021-04-09 18:44:35,193 CRIT Supervisor running as root (no user in config file)
2021-04-09 18:45:25,446 CRIT Supervisor running as root (no user in config file)
2021-04-09 18:46:15,698 CRIT Supervisor running as root (no user in config file)
2021-04-09 18:47:05,948 CRIT Supervisor running as root (no user in config file)
2021-04-09 18:47:56,199 CRIT Supervisor running as root (no user in config file)
2021-04-09 18:48:46,447 CRIT Supervisor running as root (no user in config file)
2021-04-09 18:49:36,698 CRIT Supervisor running as root (no user in config file)
2021-04-09 18:50:26,948 CRIT Supervisor running as root (no user in config file)
2021-04-09 18:51:17,197 CRIT Supervisor running as root (no user in config file)
2021-04-09 18:52:07,491 CRIT Supervisor running as root (no user in config file)
2021-04-09 18:52:57,697 CRIT Supervisor running as root (no user in config file)
2021-04-09 18:53:47,947 CRIT Supervisor running as root (no user in config file)
2021-04-09 18:54:38,197 CRIT Supervisor running as root (no user in config file)
2021-04-09 18:55:28,448 CRIT Supervisor running as root (no user in config file)
2021-04-09 18:56:18,696 CRIT Supervisor running as root (no user in config file)
2021-04-10 10:26:45,716 CRIT Supervisor running as root (no user in config file)
2021-04-10 10:26:46,274 INFO RPC interface 'supervisor' initialized
2021-04-10 10:26:46,274 CRIT Server 'unix_http_server' running without any HTTP authentication checking
2021-04-10 10:26:46,274 INFO supervisord started with pid 1040
2021-04-10 10:26:47,451 INFO spawned: 'jianpan_4_9' with pid 1163
2021-04-10 10:26:52,457 INFO success: jianpan_4_9 entered RUNNING state, process has stayed up for > than 5 seconds (startsecs)
2021-04-10 10:28:28,654 INFO RPC interface 'supervisor' initialized
2021-04-10 10:28:28,654 CRIT Server 'unix_http_server' running without any HTTP authentication checking
2021-04-10 10:28:28,654 INFO daemonizing the supervisord process
2021-04-10 10:28:28,654 CRIT could not write pidfile /home/zkl/code/jianpan/log/jp_supervisord_ua.pid
2021-04-10 10:28:29,656 INFO spawned: 'jianpan_4_9' with pid 2908
2021-04-10 10:28:31,488 INFO exited: jianpan_4_9 (exit status 1; not expected)
2021-04-10 10:28:32,489 INFO spawned: 'jianpan_4_9' with pid 2945
2021-04-10 10:28:33,396 INFO exited: jianpan_4_9 (exit status 1; not expected)
2021-04-10 10:28:35,398 INFO spawned: 'jianpan_4_9' with pid 2979
2021-04-10 10:28:36,321 INFO exited: jianpan_4_9 (exit status 1; not expected)
2021-04-10 10:28:39,324 INFO spawned: 'jianpan_4_9' with pid 3016
2021-04-10 10:28:40,262 INFO exited: jianpan_4_9 (exit status 1; not expected)
2021-04-10 10:28:44,266 INFO spawned: 'jianpan_4_9' with pid 3119
2021-04-10 10:28:45,164 INFO exited: jianpan_4_9 (exit status 1; not expected)
2021-04-10 10:28:50,170 INFO spawned: 'jianpan_4_9' with pid 3159
2021-04-10 10:28:51,114 INFO exited: jianpan_4_9 (exit status 1; not expected)
2021-04-10 10:28:57,122 INFO spawned: 'jianpan_4_9' with pid 3242
2021-04-10 10:28:58,066 INFO exited: jianpan_4_9 (exit status 1; not expected)
2021-04-10 10:29:05,073 INFO spawned: 'jianpan_4_9' with pid 3295
2021-04-10 10:29:05,973 INFO exited: jianpan_4_9 (exit status 1; not expected)
2021-04-10 10:29:13,983 INFO spawned: 'jianpan_4_9' with pid 3327
2021-04-10 10:29:14,897 INFO exited: jianpan_4_9 (exit status 1; not expected)
2021-04-10 10:29:23,907 INFO spawned: 'jianpan_4_9' with pid 3368
2021-04-10 10:29:24,786 INFO exited: jianpan_4_9 (exit status 1; not expected)
2021-04-10 10:29:34,798 INFO spawned: 'jianpan_4_9' with pid 3413
2021-04-10 10:29:35,712 INFO exited: jianpan_4_9 (exit status 1; not expected)
2021-04-10 10:29:36,713 INFO gave up: jianpan_4_9 entered FATAL state, too many start retries too quickly
2021-04-13 18:16:12,812 INFO exited: jianpan_4_9 (exit status 1; not expected)
2021-04-13 18:16:13,814 INFO spawned: 'jianpan_4_9' with pid 13866
2021-04-13 18:16:14,672 INFO exited: jianpan_4_9 (exit status 1; not expected)
2021-04-13 18:16:15,674 INFO spawned: 'jianpan_4_9' with pid 13899
2021-04-13 18:16:16,508 INFO exited: jianpan_4_9 (exit status 1; not expected)
2021-04-13 18:16:18,511 INFO spawned: 'jianpan_4_9' with pid 13933
2021-04-13 18:16:19,355 INFO exited: jianpan_4_9 (exit status 1; not expected)
2021-04-13 18:16:22,361 INFO spawned: 'jianpan_4_9' with pid 13968
2021-04-13 18:16:23,203 INFO exited: jianpan_4_9 (exit status 1; not expected)
2021-04-13 18:16:27,210 INFO spawned: 'jianpan_4_9' with pid 14003
2021-04-13 18:16:28,053 INFO exited: jianpan_4_9 (exit status 1; not expected)
2021-04-13 18:16:33,059 INFO spawned: 'jianpan_4_9' with pid 14041
2021-04-13 18:16:38,187 INFO success: jianpan_4_9 entered RUNNING state, process has stayed up for > than 5 seconds (startsecs)
2021-04-14 09:33:03,564 INFO exited: jianpan_4_9 (exit status 1; not expected)
2021-04-14 09:33:04,567 INFO spawned: 'jianpan_4_9' with pid 16947
2021-04-14 09:33:04,586 INFO exited: jianpan_4_9 (exit status 1; not expected)
2021-04-14 09:33:05,589 INFO spawned: 'jianpan_4_9' with pid 16948
2021-04-14 09:33:05,624 INFO exited: jianpan_4_9 (exit status 1; not expected)
2021-04-14 09:33:07,627 INFO spawned: 'jianpan_4_9' with pid 16952
2021-04-14 09:33:07,653 INFO exited: jianpan_4_9 (exit status 1; not expected)
2021-04-14 09:33:10,659 INFO spawned: 'jianpan_4_9' with pid 16953
2021-04-14 09:33:10,678 INFO exited: jianpan_4_9 (exit status 1; not expected)
2021-04-14 09:33:14,682 INFO spawned: 'jianpan_4_9' with pid 16960
2021-04-14 09:33:20,245 INFO success: jianpan_4_9 entered RUNNING state, process has stayed up for > than 5 seconds (startsecs)
2021-04-14 13:03:59,131 INFO exited: jianpan_4_9 (exit status 1; not expected)
2021-04-14 13:04:00,134 INFO spawned: 'jianpan_4_9' with pid 29018
2021-04-14 13:04:00,165 INFO exited: jianpan_4_9 (exit status 1; not expected)
2021-04-14 13:04:01,168 INFO spawned: 'jianpan_4_9' with pid 29019
2021-04-14 13:04:01,218 INFO exited: jianpan_4_9 (exit status 1; not expected)
2021-04-14 13:04:03,223 INFO spawned: 'jianpan_4_9' with pid 29024
2021-04-14 13:04:03,245 INFO exited: jianpan_4_9 (exit status 1; not expected)
2021-04-14 13:04:06,250 INFO spawned: 'jianpan_4_9' with pid 29037
2021-04-14 13:04:06,271 INFO exited: jianpan_4_9 (exit status 1; not expected)
2021-04-14 13:04:10,275 INFO spawned: 'jianpan_4_9' with pid 29047
2021-04-14 13:04:10,291 INFO exited: jianpan_4_9 (exit status 1; not expected)
2021-04-14 13:04:15,299 INFO spawned: 'jianpan_4_9' with pid 29050
2021-04-14 13:04:15,319 INFO exited: jianpan_4_9 (exit status 1; not expected)
2021-04-14 13:04:21,327 INFO spawned: 'jianpan_4_9' with pid 29059
2021-04-14 13:04:21,343 INFO exited: jianpan_4_9 (exit status 1; not expected)
2021-04-14 13:04:28,351 INFO spawned: 'jianpan_4_9' with pid 29070
2021-04-14 13:04:33,911 INFO success: jianpan_4_9 entered RUNNING state, process has stayed up for > than 5 seconds (startsecs)
2021-04-14 16:44:10,804 INFO exited: jianpan_4_9 (exit status 1; not expected)
2021-04-14 16:44:11,807 INFO spawned: 'jianpan_4_9' with pid 15020
2021-04-14 16:44:11,827 INFO exited: jianpan_4_9 (exit status 1; not expected)
2021-04-14 16:44:12,830 INFO spawned: 'jianpan_4_9' with pid 15021
2021-04-14 16:44:12,887 INFO exited: jianpan_4_9 (exit status 1; not expected)
2021-04-14 16:44:14,892 INFO spawned: 'jianpan_4_9' with pid 15022
2021-04-14 16:44:14,913 INFO exited: jianpan_4_9 (exit status 1; not expected)
2021-04-14 16:44:17,918 INFO spawned: 'jianpan_4_9' with pid 15026
2021-04-14 16:44:17,937 INFO exited: jianpan_4_9 (exit status 1; not expected)
2021-04-14 16:44:21,944 INFO spawned: 'jianpan_4_9' with pid 15034
2021-04-14 16:44:21,964 INFO exited: jianpan_4_9 (exit status 1; not expected)
2021-04-14 16:44:26,969 INFO spawned: 'jianpan_4_9' with pid 15042
2021-04-14 16:44:32,731 INFO success: jianpan_4_9 entered RUNNING state, process has stayed up for > than 5 seconds (startsecs)
2021-04-15 11:19:22,615 INFO exited: jianpan_4_9 (exit status 1; not expected)
2021-04-15 11:19:23,616 INFO spawned: 'jianpan_4_9' with pid 32134
2021-04-15 11:19:23,632 INFO exited: jianpan_4_9 (exit status 1; not expected)
2021-04-15 11:19:24,636 INFO spawned: 'jianpan_4_9' with pid 32136
2021-04-15 11:19:24,655 INFO exited: jianpan_4_9 (exit status 1; not expected)
2021-04-15 11:19:26,658 INFO spawned: 'jianpan_4_9' with pid 32139
2021-04-15 11:19:32,563 INFO success: jianpan_4_9 entered RUNNING state, process has stayed up for > than 5 seconds (startsecs)
2021-04-15 13:57:50,827 INFO exited: jianpan_4_9 (exit status 1; not expected)
2021-04-15 13:57:51,830 INFO spawned: 'jianpan_4_9' with pid 10115
2021-04-15 13:57:51,850 INFO exited: jianpan_4_9 (exit status 1; not expected)
2021-04-15 13:57:52,852 INFO spawned: 'jianpan_4_9' with pid 10118
2021-04-15 13:57:52,871 INFO exited: jianpan_4_9 (exit status 1; not expected)
2021-04-15 13:57:54,876 INFO spawned: 'jianpan_4_9' with pid 10119
2021-04-15 13:57:54,895 INFO exited: jianpan_4_9 (exit status 1; not expected)
2021-04-15 13:57:57,901 INFO spawned: 'jianpan_4_9' with pid 10120
2021-04-15 13:57:57,920 INFO exited: jianpan_4_9 (exit status 1; not expected)
2021-04-15 13:58:01,928 INFO spawned: 'jianpan_4_9' with pid 10124
2021-04-15 13:58:01,948 INFO exited: jianpan_4_9 (exit status 1; not expected)
2021-04-15 13:58:06,955 INFO spawned: 'jianpan_4_9' with pid 10128
2021-04-15 13:58:12,831 INFO success: jianpan_4_9 entered RUNNING state, process has stayed up for > than 5 seconds (startsecs)
2021-04-15 13:59:00,075 INFO exited: jianpan_4_9 (exit status 1; not expected)
2021-04-15 13:59:01,078 INFO spawned: 'jianpan_4_9' with pid 10263
2021-04-15 13:59:01,137 INFO exited: jianpan_4_9 (exit status 1; not expected)
2021-04-15 13:59:02,140 INFO spawned: 'jianpan_4_9' with pid 10264
2021-04-15 13:59:02,160 INFO exited: jianpan_4_9 (exit status 1; not expected)
2021-04-15 13:59:04,165 INFO spawned: 'jianpan_4_9' with pid 10270
2021-04-15 13:59:04,186 INFO exited: jianpan_4_9 (exit status 1; not expected)
2021-04-15 13:59:07,190 INFO spawned: 'jianpan_4_9' with pid 10271
2021-04-15 13:59:07,206 INFO exited: jianpan_4_9 (exit status 1; not expected)
2021-04-15 13:59:11,211 INFO spawned: 'jianpan_4_9' with pid 10274
2021-04-15 13:59:11,232 INFO exited: jianpan_4_9 (exit status 1; not expected)
2021-04-15 13:59:16,241 INFO spawned: 'jianpan_4_9' with pid 10276
2021-04-15 13:59:16,260 INFO exited: jianpan_4_9 (exit status 1; not expected)
2021-04-15 13:59:22,270 INFO spawned: 'jianpan_4_9' with pid 10278
2021-04-15 13:59:22,324 INFO exited: jianpan_4_9 (exit status 1; not expected)
2021-04-15 13:59:29,331 INFO spawned: 'jianpan_4_9' with pid 10285
2021-04-15 13:59:29,347 INFO exited: jianpan_4_9 (exit status 1; not expected)
2021-04-15 13:59:37,356 INFO spawned: 'jianpan_4_9' with pid 10294
2021-04-15 13:59:43,230 INFO success: jianpan_4_9 entered RUNNING state, process has stayed up for > than 5 seconds (startsecs)
2021-04-15 14:20:55,044 INFO exited: jianpan_4_9 (exit status 1; not expected)
2021-04-15 14:20:56,047 INFO spawned: 'jianpan_4_9' with pid 13082
2021-04-15 14:20:56,894 INFO exited: jianpan_4_9 (exit status 1; not expected)
2021-04-15 14:20:57,896 INFO spawned: 'jianpan_4_9' with pid 13116
2021-04-15 14:20:58,775 INFO exited: jianpan_4_9 (exit status 1; not expected)
2021-04-15 14:21:00,778 INFO spawned: 'jianpan_4_9' with pid 13152
2021-04-15 14:21:06,650 INFO success: jianpan_4_9 entered RUNNING state, process has stayed up for > than 5 seconds (startsecs)
2021-04-20 10:35:22,141 INFO RPC interface 'supervisor' initialized
2021-04-20 10:35:22,141 CRIT Server 'unix_http_server' running without any HTTP authentication checking
2021-04-20 10:35:22,142 INFO daemonizing the supervisord process
2021-04-20 10:35:22,143 INFO supervisord started with pid 19859
2021-04-20 10:35:23,148 INFO spawned: 'jianpan_4_9' with pid 19860
2021-04-20 10:35:25,432 INFO exited: jianpan_4_9 (exit status 1; not expected)
2021-04-20 10:35:26,436 INFO spawned: 'jianpan_4_9' with pid 19872
2021-04-20 10:35:28,024 INFO exited: jianpan_4_9 (exit status 1; not expected)
2021-04-20 10:35:30,028 INFO spawned: 'jianpan_4_9' with pid 19883
2021-04-20 10:35:31,538 INFO exited: jianpan_4_9 (exit status 1; not expected)
2021-04-20 10:35:34,545 INFO spawned: 'jianpan_4_9' with pid 19894
2021-04-20 10:35:36,020 INFO exited: jianpan_4_9 (exit status 1; not expected)
2021-04-20 10:35:40,031 INFO spawned: 'jianpan_4_9' with pid 20038
2021-04-20 10:35:42,732 INFO exited: jianpan_4_9 (exit status 1; not expected)
2021-04-20 10:35:47,744 INFO spawned: 'jianpan_4_9' with pid 20122
2021-04-20 10:35:51,592 INFO exited: jianpan_4_9 (exit status 1; not expected)
2021-04-20 10:35:57,602 INFO spawned: 'jianpan_4_9' with pid 20142
2021-04-20 10:35:59,243 INFO exited: jianpan_4_9 (exit status 1; not expected)
2021-04-20 10:36:06,252 INFO spawned: 'jianpan_4_9' with pid 20167
2021-04-20 10:36:07,621 INFO exited: jianpan_4_9 (exit status 1; not expected)
2021-04-20 10:36:15,632 INFO spawned: 'jianpan_4_9' with pid 20192
2021-04-20 10:36:17,371 INFO exited: jianpan_4_9 (exit status 1; not expected)
2021-04-20 10:36:26,384 INFO spawned: 'jianpan_4_9' with pid 20216
2021-04-20 10:36:27,848 INFO exited: jianpan_4_9 (exit status 1; not expected)
2021-04-20 10:36:37,863 INFO spawned: 'jianpan_4_9' with pid 20233
2021-04-20 10:36:39,250 INFO exited: jianpan_4_9 (exit status 1; not expected)
2021-04-20 10:36:40,251 INFO gave up: jianpan_4_9 entered FATAL state, too many start retries too quickly
2021-04-20 11:40:02,000 INFO RPC interface 'supervisor' initialized
2021-04-20 11:40:02,001 CRIT Server 'unix_http_server' running without any HTTP authentication checking
2021-04-20 11:40:02,001 INFO supervisord started with pid 19859
2021-04-20 11:40:03,011 INFO spawned: 'jianpan_4_9' with pid 28072
2021-04-20 11:40:08,693 INFO success: jianpan_4_9 entered RUNNING state, process has stayed up for > than 5 seconds (startsecs)
2021-04-20 13:55:58,310 INFO waiting for jianpan_4_9 to stop
2021-04-20 13:56:00,310 INFO waiting for jianpan_4_9 to stop
2021-04-20 13:56:00,326 INFO stopped: jianpan_4_9 (exit status 0)
2021-04-21 11:14:57,632 CRIT Supervisor running as root (no user in config file)
2021-04-21 11:14:57,641 INFO RPC interface 'supervisor' initialized
2021-04-21 11:14:57,641 CRIT Server 'unix_http_server' running without any HTTP authentication checking
2021-04-21 11:14:57,641 INFO supervisord started with pid 984
2021-04-21 11:14:58,707 INFO spawned: 'jianpan_4_9' with pid 1144
2021-04-21 11:15:04,503 INFO success: jianpan_4_9 entered RUNNING state, process has stayed up for > than 5 seconds (startsecs)
2021-04-21 14:15:14,871 INFO exited: jianpan_4_9 (terminated by SIGKILL; not expected)
2021-04-21 14:15:14,876 INFO spawned: 'jianpan_4_9' with pid 26045
2021-04-21 14:15:17,746 INFO exited: jianpan_4_9 (exit status 1; not expected)
2021-04-21 14:15:18,750 INFO spawned: 'jianpan_4_9' with pid 26057
2021-04-21 14:15:20,099 INFO exited: jianpan_4_9 (exit status 1; not expected)
2021-04-21 14:15:22,103 INFO spawned: 'jianpan_4_9' with pid 26067
2021-04-21 14:15:23,461 INFO exited: jianpan_4_9 (exit status 1; not expected)
2021-04-21 14:15:26,467 INFO spawned: 'jianpan_4_9' with pid 26083
2021-04-21 14:15:28,835 INFO exited: jianpan_4_9 (exit status 1; not expected)
2021-04-21 14:15:32,843 INFO spawned: 'jianpan_4_9' with pid 26096
2021-04-21 14:15:34,237 INFO exited: jianpan_4_9 (exit status 1; not expected)
2021-04-21 14:15:39,246 INFO spawned: 'jianpan_4_9' with pid 26110
2021-04-21 14:15:40,583 INFO exited: jianpan_4_9 (exit status 1; not expected)
2021-04-21 14:16:35,251 CRIT Supervisor running as root (no user in config file)
2021-04-21 14:16:35,573 INFO RPC interface 'supervisor' initialized
2021-04-21 14:16:35,573 CRIT Server 'unix_http_server' running without any HTTP authentication checking
2021-04-21 14:16:35,574 INFO supervisord started with pid 26197
2021-04-21 14:16:36,578 INFO spawned: 'jianpan_4_9' with pid 26200
2021-04-21 14:16:37,966 INFO exited: jianpan_4_9 (exit status 1; not expected)
2021-04-21 14:16:38,969 INFO spawned: 'jianpan_4_9' with pid 26212
2021-04-21 14:16:40,321 INFO exited: jianpan_4_9 (exit status 1; not expected)
2021-04-21 14:16:42,326 INFO spawned: 'jianpan_4_9' with pid 26223
2021-04-21 14:16:43,731 INFO exited: jianpan_4_9 (exit status 1; not expected)
2021-04-21 14:16:46,737 INFO spawned: 'jianpan_4_9' with pid 26239
2021-04-21 14:16:48,140 INFO exited: jianpan_4_9 (exit status 1; not expected)
2021-04-21 14:16:52,145 INFO spawned: 'jianpan_4_9' with pid 26297
2021-04-21 14:16:54,689 INFO exited: jianpan_4_9 (exit status 1; not expected)
2021-04-21 14:16:59,698 INFO spawned: 'jianpan_4_9' with pid 26339
2021-04-21 14:17:01,430 INFO exited: jianpan_4_9 (exit status 1; not expected)
2021-04-21 14:17:07,438 INFO spawned: 'jianpan_4_9' with pid 26357
2021-04-21 14:17:09,191 INFO exited: jianpan_4_9 (exit status 1; not expected)
2021-04-21 14:17:16,200 INFO spawned: 'jianpan_4_9' with pid 26374
2021-04-21 14:17:17,707 INFO exited: jianpan_4_9 (exit status 1; not expected)
2021-04-21 14:17:25,719 INFO spawned: 'jianpan_4_9' with pid 26391
2021-04-21 14:17:27,195 INFO exited: jianpan_4_9 (exit status 1; not expected)
2021-04-21 14:17:36,210 INFO spawned: 'jianpan_4_9' with pid 26405
2021-04-21 14:17:37,681 INFO exited: jianpan_4_9 (exit status 1; not expected)
2021-04-21 14:17:47,695 INFO spawned: 'jianpan_4_9' with pid 26438
2021-04-21 14:17:49,770 INFO exited: jianpan_4_9 (exit status 1; not expected)
2021-04-21 14:17:50,772 INFO gave up: jianpan_4_9 entered FATAL state, too many start retries too quickly
2021-04-22 09:23:17,020 CRIT Supervisor running as root (no user in config file)
2021-04-22 09:23:17,033 INFO RPC interface 'supervisor' initialized
2021-04-22 09:23:17,034 CRIT Server 'unix_http_server' running without any HTTP authentication checking
2021-04-22 09:23:17,034 INFO supervisord started with pid 980
2021-04-22 09:23:18,042 INFO spawned: 'jianpan_4_9' with pid 1191
2021-04-22 09:23:18,119 INFO exited: jianpan_4_9 (exit status 1; not expected)
2021-04-22 09:23:19,122 INFO spawned: 'jianpan_4_9' with pid 1249
2021-04-22 09:23:19,154 INFO exited: jianpan_4_9 (exit status 1; not expected)
2021-04-22 09:23:21,157 INFO spawned: 'jianpan_4_9' with pid 1570
2021-04-22 09:23:21,182 INFO exited: jianpan_4_9 (exit status 1; not expected)
2021-04-22 09:23:24,185 INFO spawned: 'jianpan_4_9' with pid 1619
2021-04-22 09:23:24,210 INFO exited: jianpan_4_9 (exit status 1; not expected)
2021-04-22 09:23:28,214 INFO spawned: 'jianpan_4_9' with pid 1621
2021-04-22 09:23:28,241 INFO exited: jianpan_4_9 (exit status 1; not expected)
2021-04-22 09:23:33,247 INFO spawned: 'jianpan_4_9' with pid 1670
2021-04-22 09:23:33,275 INFO exited: jianpan_4_9 (exit status 1; not expected)
2021-04-22 09:23:39,283 INFO spawned: 'jianpan_4_9' with pid 1672
2021-04-22 09:23:39,309 INFO exited: jianpan_4_9 (exit status 1; not expected)
2021-04-22 09:23:46,321 INFO spawned: 'jianpan_4_9' with pid 1724
2021-04-22 09:23:46,349 INFO exited: jianpan_4_9 (exit status 1; not expected)
2021-04-22 09:23:54,359 INFO spawned: 'jianpan_4_9' with pid 2256
2021-04-22 09:23:54,422 INFO exited: jianpan_4_9 (exit status 1; not expected)
2021-04-22 09:24:03,434 INFO spawned: 'jianpan_4_9' with pid 2557
2021-04-22 09:24:03,495 INFO exited: jianpan_4_9 (exit status 1; not expected)
2021-04-22 09:24:13,508 INFO spawned: 'jianpan_4_9' with pid 2689
2021-04-22 09:24:13,535 INFO exited: jianpan_4_9 (exit status 1; not expected)
2021-04-22 09:24:14,537 INFO gave up: jianpan_4_9 entered FATAL state, too many start retries too quickly
